<?xml version="1.0" encoding="UTF-8"?>
<coverage generated="1785895399">
  <project timestamp="1785895399" name="Clover Coverage">
    <package name="Webware\MessageBus\Event\Command">
      <file name="/home/jsmith/github.com/webinertia/messagebus-event/src/Command/CommandPostHandleEvent.php">
        <class name="Webware\MessageBus\Event\Command\CommandPostHandleEvent" namespace="Webware\MessageBus\Event\Command">
          <metrics complexity="3" methods="3" coveredmethods="3" conditionals="0" coveredconditionals="0" statements="3" coveredstatements="3" elements="6" coveredelements="6"/>
        </class>
        <line num="23" type="method" name="__construct" visibility="public" complexity="1" crap="1" count="3"/>
        <line num="26" type="stmt" count="3"/>
        <line num="29" type="method" name="getCommand" visibility="public" complexity="1" crap="1" count="1"/>
        <line num="31" type="stmt" count="1"/>
        <line num="34" type="method" name="getResult" visibility="public" complexity="1" crap="1" count="1"/>
        <line num="36" type="stmt" count="1"/>
        <metrics loc="39" ncloc="30" classes="1" methods="3" coveredmethods="3" conditionals="0" coveredconditionals="0" statements="3" coveredstatements="3" elements="6" coveredelements="6"/>
      </file>
      <file name="/home/jsmith/github.com/webinertia/messagebus-event/src/Command/CommandPreHandleEvent.php">
        <class name="Webware\MessageBus\Event\Command\CommandPreHandleEvent" namespace="Webware\MessageBus\Event\Command">
          <metrics complexity="2" methods="2" coveredmethods="2" conditionals="0" coveredconditionals="0" statements="2" coveredstatements="2" elements="4" coveredelements="4"/>
        </class>
        <line num="22" type="method" name="__construct" visibility="public" complexity="1" crap="1" count="3"/>
        <line num="25" type="stmt" count="3"/>
        <line num="28" type="method" name="getCommand" visibility="public" complexity="1" crap="1" count="1"/>
        <line num="30" type="stmt" count="1"/>
        <metrics loc="33" ncloc="24" classes="1" methods="2" coveredmethods="2" conditionals="0" coveredconditionals="0" statements="2" coveredstatements="2" elements="4" coveredelements="4"/>
      </file>
    </package>
    <package name="Webware\MessageBus\Event">
      <file name="/home/jsmith/github.com/webinertia/messagebus-event/src/ConfigProvider.php">
        <class name="Webware\MessageBus\Event\ConfigProvider" namespace="Webware\MessageBus\Event">
          <metrics complexity="3" methods="3" coveredmethods="3" conditionals="0" coveredconditionals="0" statements="31" coveredstatements="31" elements="34" coveredelements="34"/>
        </class>
        <line num="52" type="method" name="getDependencies" visibility="private" complexity="1" crap="1" count="4"/>
        <line num="54" type="stmt" count="4"/>
        <line num="55" type="stmt" count="4"/>
        <line num="56" type="stmt" count="4"/>
        <line num="57" type="stmt" count="4"/>
        <line num="58" type="stmt" count="4"/>
        <line num="59" type="stmt" count="4"/>
        <line num="60" type="stmt" count="4"/>
        <line num="61" type="stmt" count="4"/>
        <line num="62" type="stmt" count="4"/>
        <line num="63" type="stmt" count="4"/>
        <line num="64" type="stmt" count="4"/>
        <line num="65" type="stmt" count="4"/>
        <line num="66" type="stmt" count="4"/>
        <line num="76" type="method" name="getPipeline" visibility="private" complexity="1" crap="1" count="4"/>
        <line num="78" type="stmt" count="4"/>
        <line num="79" type="stmt" count="4"/>
        <line num="80" type="stmt" count="4"/>
        <line num="81" type="stmt" count="4"/>
        <line num="82" type="stmt" count="4"/>
        <line num="83" type="stmt" count="4"/>
        <line num="84" type="stmt" count="4"/>
        <line num="85" type="stmt" count="4"/>
        <line num="86" type="stmt" count="4"/>
        <line num="87" type="stmt" count="4"/>
        <line num="93" type="method" name="__invoke" visibility="public" complexity="1" crap="1" count="4"/>
        <line num="95" type="stmt" count="4"/>
        <line num="96" type="stmt" count="4"/>
        <line num="97" type="stmt" count="4"/>
        <line num="98" type="stmt" count="4"/>
        <line num="99" type="stmt" count="4"/>
        <line num="100" type="stmt" count="4"/>
        <line num="101" type="stmt" count="4"/>
        <line num="102" type="stmt" count="4"/>
        <metrics loc="105" ncloc="64" classes="1" methods="3" coveredmethods="3" conditionals="0" coveredconditionals="0" statements="31" coveredstatements="31" elements="34" coveredelements="34"/>
      </file>
      <file name="/home/jsmith/github.com/webinertia/messagebus-event/src/Event.php">
        <class name="Webware\MessageBus\Event\Event" namespace="Webware\MessageBus\Event">
          <metrics complexity="9" methods="9" coveredmethods="9" conditionals="0" coveredconditionals="0" statements="9" coveredstatements="9" elements="18" coveredelements="18"/>
        </class>
        <line num="26" type="method" name="__construct" visibility="public" complexity="1" crap="1" count="23"/>
        <line num="30" type="stmt" count="23"/>
        <line num="32" type="method" name="getName" visibility="public" complexity="1" crap="1" count="5"/>
        <line num="35" type="stmt" count="5"/>
        <line num="38" type="method" name="getParam" visibility="public" complexity="1" crap="1" count="3"/>
        <line num="41" type="stmt" count="3"/>
        <line num="47" type="method" name="getParams" visibility="public" complexity="1" crap="1" count="2"/>
        <line num="50" type="stmt" count="2"/>
        <line num="53" type="method" name="getTarget" visibility="public" complexity="1" crap="1" count="7"/>
        <line num="56" type="stmt" count="7"/>
        <line num="59" type="method" name="setName" visibility="public" complexity="1" crap="1" count="1"/>
        <line num="62" type="stmt" count="1"/>
        <line num="65" type="method" name="setParam" visibility="public" complexity="1" crap="1" count="1"/>
        <line num="68" type="stmt" count="1"/>
        <line num="74" type="method" name="setParams" visibility="public" complexity="1" crap="1" count="1"/>
        <line num="77" type="stmt" count="1"/>
        <line num="80" type="method" name="setTarget" visibility="public" complexity="1" crap="1" count="1"/>
        <line num="83" type="stmt" count="1"/>
        <metrics loc="86" ncloc="68" classes="1" methods="9" coveredmethods="9" conditionals="0" coveredconditionals="0" statements="9" coveredstatements="9" elements="18" coveredelements="18"/>
      </file>
      <file name="/home/jsmith/github.com/webinertia/messagebus-event/src/EventAwareTrait.php">
        <class name="Webware\MessageBus\Event\EventAwareTrait" namespace="Webware\MessageBus\Event">
          <metrics complexity="2" methods="2" coveredmethods="2" conditionals="0" coveredconditionals="0" statements="2" coveredstatements="2" elements="4" coveredelements="4"/>
        </class>
        <line num="12" type="method" name="getEvent" visibility="public" complexity="1" crap="1" count="2"/>
        <line num="14" type="stmt" count="2"/>
        <line num="17" type="method" name="setEvent" visibility="public" complexity="1" crap="1" count="1"/>
        <line num="19" type="stmt" count="1"/>
        <metrics loc="22" ncloc="21" classes="1" methods="2" coveredmethods="2" conditionals="0" coveredconditionals="0" statements="2" coveredstatements="2" elements="4" coveredelements="4"/>
      </file>
      <file name="/home/jsmith/github.com/webinertia/messagebus-event/src/EventPropagationTrait.php">
        <class name="Webware\MessageBus\Event\EventPropagationTrait" namespace="Webware\MessageBus\Event">
          <metrics complexity="2" methods="2" coveredmethods="2" conditionals="0" coveredconditionals="0" statements="2" coveredstatements="2" elements="4" coveredelements="4"/>
        </class>
        <line num="12" type="method" name="isPropagationStopped" visibility="public" complexity="1" crap="1" count="3"/>
        <line num="14" type="stmt" count="3"/>
        <line num="17" type="method" name="stopPropagation" visibility="public" complexity="1" crap="1" count="2"/>
        <line num="19" type="stmt" count="2"/>
        <metrics loc="22" ncloc="21" classes="1" methods="2" coveredmethods="2" conditionals="0" coveredconditionals="0" statements="2" coveredstatements="2" elements="4" coveredelements="4"/>
      </file>
    </package>
    <package name="Webware\MessageBus\Event\Container">
      <file name="/home/jsmith/github.com/webinertia/messagebus-event/src/Container/CommandPostHandleMiddlewareFactory.php">
        <class name="Webware\MessageBus\Event\Container\CommandPostHandleMiddlewareFactory" namespace="Webware\MessageBus\Event\Container">
          <metrics complexity="1" methods="1" coveredmethods="1" conditionals="0" coveredconditionals="0" statements="2" coveredstatements="2" elements="3" coveredelements="3"/>
        </class>
        <line num="18" type="method" name="__invoke" visibility="public" complexity="1" crap="1" count="1"/>
        <line num="20" type="stmt" count="1"/>
        <line num="22" type="stmt" count="1"/>
        <metrics loc="25" ncloc="20" classes="1" methods="1" coveredmethods="1" conditionals="0" coveredconditionals="0" statements="2" coveredstatements="2" elements="3" coveredelements="3"/>
      </file>
      <file name="/home/jsmith/github.com/webinertia/messagebus-event/src/Container/CommandPreHandleMiddlewareFactory.php">
        <class name="Webware\MessageBus\Event\Container\CommandPreHandleMiddlewareFactory" namespace="Webware\MessageBus\Event\Container">
          <metrics complexity="1" methods="1" coveredmethods="1" conditionals="0" coveredconditionals="0" statements="2" coveredstatements="2" elements="3" coveredelements="3"/>
        </class>
        <line num="18" type="method" name="__invoke" visibility="public" complexity="1" crap="1" count="1"/>
        <line num="20" type="stmt" count="1"/>
        <line num="22" type="stmt" count="1"/>
        <metrics loc="25" ncloc="20" classes="1" methods="1" coveredmethods="1" conditionals="0" coveredconditionals="0" statements="2" coveredstatements="2" elements="3" coveredelements="3"/>
      </file>
      <file name="/home/jsmith/github.com/webinertia/messagebus-event/src/Container/ListenerProviderAggregateFactory.php">
        <class name="Webware\MessageBus\Event\Container\ListenerProviderAggregateFactory" namespace="Webware\MessageBus\Event\Container">
          <metrics complexity="14" methods="1" coveredmethods="1" conditionals="0" coveredconditionals="0" statements="45" coveredstatements="45" elements="46" coveredelements="46"/>
        </class>
        <line num="42" type="method" name="__invoke" visibility="public" complexity="14" crap="14" count="8"/>
        <line num="44" type="stmt" count="8"/>
        <line num="46" type="stmt" count="8"/>
        <line num="48" type="stmt" count="8"/>
        <line num="49" type="stmt" count="8"/>
        <line num="50" type="stmt" count="8"/>
        <line num="51" type="stmt" count="8"/>
        <line num="53" type="stmt" count="8"/>
        <line num="54" type="stmt" count="6"/>
        <line num="55" type="stmt" count="6"/>
        <line num="56" type="stmt" count="6"/>
        <line num="57" type="stmt" count="6"/>
        <line num="58" type="stmt" count="6"/>
        <line num="59" type="stmt" count="6"/>
        <line num="60" type="stmt" count="6"/>
        <line num="61" type="stmt" count="6"/>
        <line num="62" type="stmt" count="6"/>
        <line num="63" type="stmt" count="6"/>
        <line num="64" type="stmt" count="2"/>
        <line num="66" type="stmt" count="1"/>
        <line num="69" type="stmt" count="1"/>
        <line num="70" type="stmt" count="1"/>
        <line num="73" type="stmt" count="2"/>
        <line num="76" type="stmt" count="4"/>
        <line num="77" type="stmt" count="4"/>
        <line num="79" type="stmt" count="4"/>
        <line num="80" type="stmt" count="4"/>
        <line num="83" type="stmt" count="2"/>
        <line num="86" type="stmt" count="2"/>
        <line num="87" type="stmt" count="1"/>
        <line num="91" type="stmt" count="1"/>
        <line num="94" type="stmt" count="3"/>
        <line num="95" type="stmt" count="3"/>
        <line num="96" type="stmt" count="3"/>
        <line num="97" type="stmt" count="3"/>
        <line num="100" type="stmt" count="3"/>
        <line num="101" type="stmt" count="1"/>
        <line num="105" type="stmt" count="2"/>
        <line num="108" type="stmt" count="3"/>
        <line num="113" type="stmt" count="8"/>
        <line num="115" type="stmt" count="2"/>
        <line num="116" type="stmt" count="2"/>
        <line num="117" type="stmt" count="1"/>
        <line num="121" type="stmt" count="8"/>
        <line num="122" type="stmt" count="8"/>
        <line num="124" type="stmt" count="8"/>
        <metrics loc="127" ncloc="99" classes="1" methods="1" coveredmethods="1" conditionals="0" coveredconditionals="0" statements="45" coveredstatements="45" elements="46" coveredelements="46"/>
      </file>
      <file name="/home/jsmith/github.com/webinertia/messagebus-event/src/Container/QueryPostHandleMiddlewareFactory.php">
        <class name="Webware\MessageBus\Event\Container\QueryPostHandleMiddlewareFactory" namespace="Webware\MessageBus\Event\Container">
          <metrics complexity="1" methods="1" coveredmethods="1" conditionals="0" coveredconditionals="0" statements="2" coveredstatements="2" elements="3" coveredelements="3"/>
        </class>
        <line num="18" type="method" name="__invoke" visibility="public" complexity="1" crap="1" count="1"/>
        <line num="20" type="stmt" count="1"/>
        <line num="22" type="stmt" count="1"/>
        <metrics loc="25" ncloc="20" classes="1" methods="1" coveredmethods="1" conditionals="0" coveredconditionals="0" statements="2" coveredstatements="2" elements="3" coveredelements="3"/>
      </file>
      <file name="/home/jsmith/github.com/webinertia/messagebus-event/src/Container/QueryPreHandleMiddlewareFactory.php">
        <class name="Webware\MessageBus\Event\Container\QueryPreHandleMiddlewareFactory" namespace="Webware\MessageBus\Event\Container">
          <metrics complexity="1" methods="1" coveredmethods="1" conditionals="0" coveredconditionals="0" statements="2" coveredstatements="2" elements="3" coveredelements="3"/>
        </class>
        <line num="18" type="method" name="__invoke" visibility="public" complexity="1" crap="1" count="1"/>
        <line num="20" type="stmt" count="1"/>
        <line num="22" type="stmt" count="1"/>
        <metrics loc="25" ncloc="20" classes="1" methods="1" coveredmethods="1" conditionals="0" coveredconditionals="0" statements="2" coveredstatements="2" elements="3" coveredelements="3"/>
      </file>
    </package>
    <file name="/home/jsmith/github.com/webinertia/messagebus-event/src/EventAwareInterface.php">
      <metrics loc="14" ncloc="13" classes="0" methods="0" coveredmethods="0" conditionals="0" coveredconditionals="0" statements="0" coveredstatements="0" elements="0" coveredelements="0"/>
    </file>
    <file name="/home/jsmith/github.com/webinertia/messagebus-event/src/EventInterface.php">
      <metrics loc="42" ncloc="26" classes="0" methods="0" coveredmethods="0" conditionals="0" coveredconditionals="0" statements="0" coveredstatements="0" elements="0" coveredelements="0"/>
    </file>
    <file name="/home/jsmith/github.com/webinertia/messagebus-event/src/EventPropagationInterface.php">
      <metrics loc="14" ncloc="13" classes="0" methods="0" coveredmethods="0" conditionals="0" coveredconditionals="0" statements="0" coveredstatements="0" elements="0" coveredelements="0"/>
    </file>
    <file name="/home/jsmith/github.com/webinertia/messagebus-event/src/ListenerInterface.php">
      <metrics loc="22" ncloc="12" classes="0" methods="0" coveredmethods="0" conditionals="0" coveredconditionals="0" statements="0" coveredstatements="0" elements="0" coveredelements="0"/>
    </file>
    <package name="Webware\MessageBus\Event\Middleware">
      <file name="/home/jsmith/github.com/webinertia/messagebus-event/src/Middleware/CommandPostHandleMiddleware.php">
        <class name="Webware\MessageBus\Event\Middleware\CommandPostHandleMiddleware" namespace="Webware\MessageBus\Event\Middleware">
          <metrics complexity="5" methods="2" coveredmethods="2" conditionals="0" coveredconditionals="0" statements="9" coveredstatements="9" elements="11" coveredelements="11"/>
        </class>
        <line num="29" type="method" name="__construct" visibility="public" complexity="1" crap="1" count="4"/>
        <line num="31" type="stmt" count="4"/>
        <line num="33" type="method" name="process" visibility="public" complexity="4" crap="4" count="4"/>
        <line num="38" type="stmt" count="4"/>
        <line num="39" type="stmt" count="3"/>
        <line num="40" type="stmt" count="3"/>
        <line num="41" type="stmt" count="2"/>
        <line num="45" type="stmt" count="4"/>
        <line num="46" type="stmt" count="2"/>
        <line num="48" type="stmt" count="2"/>
        <line num="51" type="stmt" count="2"/>
        <metrics loc="54" ncloc="45" classes="1" methods="2" coveredmethods="2" conditionals="0" coveredconditionals="0" statements="9" coveredstatements="9" elements="11" coveredelements="11"/>
      </file>
      <file name="/home/jsmith/github.com/webinertia/messagebus-event/src/Middleware/CommandPreHandleMiddleware.php">
        <class name="Webware\MessageBus\Event\Middleware\CommandPreHandleMiddleware" namespace="Webware\MessageBus\Event\Middleware">
          <metrics complexity="3" methods="2" coveredmethods="2" conditionals="0" coveredconditionals="0" statements="4" coveredstatements="4" elements="6" coveredelements="6"/>
        </class>
        <line num="28" type="method" name="__construct" visibility="public" complexity="1" crap="1" count="2"/>
        <line num="33" type="stmt" count="2"/>
        <line num="35" type="method" name="process" visibility="public" complexity="2" crap="2" count="2"/>
        <line num="40" type="stmt" count="2"/>
        <line num="41" type="stmt" count="1"/>
        <line num="44" type="stmt" count="2"/>
        <metrics loc="47" ncloc="38" classes="1" methods="2" coveredmethods="2" conditionals="0" coveredconditionals="0" statements="4" coveredstatements="4" elements="6" coveredelements="6"/>
      </file>
      <file name="/home/jsmith/github.com/webinertia/messagebus-event/src/Middleware/QueryPostHandleMiddleware.php">
        <class name="Webware\MessageBus\Event\Middleware\QueryPostHandleMiddleware" namespace="Webware\MessageBus\Event\Middleware">
          <metrics complexity="5" methods="2" coveredmethods="2" conditionals="0" coveredconditionals="0" statements="9" coveredstatements="9" elements="11" coveredelements="11"/>
        </class>
        <line num="29" type="method" name="__construct" visibility="public" complexity="1" crap="1" count="4"/>
        <line num="31" type="stmt" count="4"/>
        <line num="33" type="method" name="process" visibility="public" complexity="4" crap="4" count="4"/>
        <line num="38" type="stmt" count="4"/>
        <line num="39" type="stmt" count="3"/>
        <line num="40" type="stmt" count="3"/>
        <line num="41" type="stmt" count="2"/>
        <line num="45" type="stmt" count="4"/>
        <line num="46" type="stmt" count="2"/>
        <line num="48" type="stmt" count="2"/>
        <line num="51" type="stmt" count="2"/>
        <metrics loc="54" ncloc="45" classes="1" methods="2" coveredmethods="2" conditionals="0" coveredconditionals="0" statements="9" coveredstatements="9" elements="11" coveredelements="11"/>
      </file>
      <file name="/home/jsmith/github.com/webinertia/messagebus-event/src/Middleware/QueryPreHandleMiddleware.php">
        <class name="Webware\MessageBus\Event\Middleware\QueryPreHandleMiddleware" namespace="Webware\MessageBus\Event\Middleware">
          <metrics complexity="3" methods="2" coveredmethods="2" conditionals="0" coveredconditionals="0" statements="4" coveredstatements="4" elements="6" coveredelements="6"/>
        </class>
        <line num="28" type="method" name="__construct" visibility="public" complexity="1" crap="1" count="2"/>
        <line num="30" type="stmt" count="2"/>
        <line num="32" type="method" name="process" visibility="public" complexity="2" crap="2" count="2"/>
        <line num="37" type="stmt" count="2"/>
        <line num="38" type="stmt" count="1"/>
        <line num="41" type="stmt" count="2"/>
        <metrics loc="44" ncloc="35" classes="1" methods="2" coveredmethods="2" conditionals="0" coveredconditionals="0" statements="4" coveredstatements="4" elements="6" coveredelements="6"/>
      </file>
    </package>
    <package name="Webware\MessageBus\Event\Query">
      <file name="/home/jsmith/github.com/webinertia/messagebus-event/src/Query/QueryPostHandleEvent.php">
        <class name="Webware\MessageBus\Event\Query\QueryPostHandleEvent" namespace="Webware\MessageBus\Event\Query">
          <metrics complexity="3" methods="3" coveredmethods="3" conditionals="0" coveredconditionals="0" statements="3" coveredstatements="3" elements="6" coveredelements="6"/>
        </class>
        <line num="23" type="method" name="__construct" visibility="public" complexity="1" crap="1" count="3"/>
        <line num="26" type="stmt" count="3"/>
        <line num="29" type="method" name="getQuery" visibility="public" complexity="1" crap="1" count="1"/>
        <line num="31" type="stmt" count="1"/>
        <line num="34" type="method" name="getResult" visibility="public" complexity="1" crap="1" count="1"/>
        <line num="36" type="stmt" count="1"/>
        <metrics loc="39" ncloc="30" classes="1" methods="3" coveredmethods="3" conditionals="0" coveredconditionals="0" statements="3" coveredstatements="3" elements="6" coveredelements="6"/>
      </file>
      <file name="/home/jsmith/github.com/webinertia/messagebus-event/src/Query/QueryPreHandleEvent.php">
        <class name="Webware\MessageBus\Event\Query\QueryPreHandleEvent" namespace="Webware\MessageBus\Event\Query">
          <metrics complexity="2" methods="2" coveredmethods="2" conditionals="0" coveredconditionals="0" statements="2" coveredstatements="2" elements="4" coveredelements="4"/>
        </class>
        <line num="22" type="method" name="__construct" visibility="public" complexity="1" crap="1" count="3"/>
        <line num="25" type="stmt" count="3"/>
        <line num="28" type="method" name="getQuery" visibility="public" complexity="1" crap="1" count="1"/>
        <line num="30" type="stmt" count="1"/>
        <metrics loc="33" ncloc="24" classes="1" methods="2" coveredmethods="2" conditionals="0" coveredconditionals="0" statements="2" coveredstatements="2" elements="4" coveredelements="4"/>
      </file>
    </package>
    <metrics files="21" loc="897" ncloc="688" classes="17" methods="39" coveredmethods="39" conditionals="0" coveredconditionals="0" statements="133" coveredstatements="133" elements="172" coveredelements="172"/>
  </project>
</coverage>
